2025-05-30 12:09:01,063 - semgrep.run_scan - DEBUG - semgrep version 1.2.0
2025-05-30 12:09:01,067 - semgrep.git - DEBUG - Failed to get project url from 'git ls-remote': Command failed with exit code: 128
-----
Command failed with output:
fatal: No remote configured to list refs from.


Failed to run 'git ls-remote --get-url'. Possible reasons:

- the git binary is not available
- the current working directory is not a git repository
- the baseline commit is not a parent of the current commit
    (if you are running through semgrep-app, check if you are setting `SEMGREP_BRANCH` or `SEMGREP_BASELINE_COMMIT` properly)
- the current working directory is not marked as safe
    (fix with `git config --global --add safe.directory $(pwd)`)

Try running the command yourself to debug the issue.
2025-05-30 12:09:01,069 - semgrep.config_resolver - DEBUG - Loading local config from /home/runner/workspace/.config/.semgrep/semgrep_rules.json
2025-05-30 12:09:01,071 - semgrep.config_resolver - DEBUG - Done loading local config from /home/runner/workspace/.config/.semgrep/semgrep_rules.json
2025-05-30 12:09:01,073 - semgrep.config_resolver - DEBUG - Saving rules to /tmp/semgrep-kmlxu9f0.rules
2025-05-30 12:09:01,220 - semgrep.semgrep_core - DEBUG - Failed to open resource semgrep-core-proprietary: [Errno 2] No such file or directory: '/tmp/_MEIst8AB6/semgrep/bin/semgrep-core-proprietary'.
2025-05-30 12:09:01,688 - semgrep.rule_lang - DEBUG - semgrep-core validation response: valid=True
2025-05-30 12:09:01,689 - semgrep.rule_lang - DEBUG - semgrep-core validation succeeded
2025-05-30 12:09:01,689 - semgrep.rule_lang - DEBUG - RPC validation succeeded
2025-05-30 12:09:01,690 - semgrep.config_resolver - DEBUG - loaded 1 configs in 0.621870756149292
2025-05-30 12:09:01,764 - semgrep.run_scan - VERBOSE - running 711 rules from 1 config /home/runner/workspace/.config/.semgrep/semgrep_rules.json_0
2025-05-30 12:09:01,764 - semgrep.run_scan - VERBOSE - No .semgrepignore found. Using default .semgrepignore rules. See the docs for the list of default ignores: https://semgrep.dev/docs/cli-usage/#ignore-files
2025-05-30 12:09:01,766 - semgrep.run_scan - VERBOSE - Rules:
2025-05-30 12:09:01,766 - semgrep.run_scan - VERBOSE - <SKIPPED DATA (too many entries; use --max-log-list-entries)>
2025-05-30 12:09:02,206 - semgrep.core_runner - DEBUG - Passing whole rules directly to semgrep_core
2025-05-30 12:09:02,366 - semgrep.core_runner - DEBUG - Running Semgrep engine with command:
2025-05-30 12:09:02,366 - semgrep.core_runner - DEBUG - /tmp/_MEIst8AB6/semgrep/bin/opengrep-core -json -rules /tmp/tmp2hvtfhqy.json -j 8 -targets /tmp/tmp1z8jsr0l -timeout 5 -timeout_threshold 3 -max_memory 0 -fast
2025-05-30 12:09:06,279 - semgrep.core_runner - DEBUG - --- semgrep-core stderr ---
[00.07][[34mINFO[0m]: Executed as: /tmp/_MEIst8AB6/semgrep/bin/opengrep-core -json -rules /tmp/tmp2hvtfhqy.json -j 8 -targets /tmp/tmp1z8jsr0l -timeout 5 -timeout_threshold 3 -max_memory 0 -fast
[00.07][[34mINFO[0m]: Version: 1.2.0
[00.07][[34mINFO[0m]: Parsing rules in /tmp/tmp2hvtfhqy.json
[00.51][[34mINFO[0m]: scan: processing 319 files (skipping 0), with 711 rules (skipping 0 )
[01.81][[33mWARNING[0m]: Fixpoint timeout while performing taint analysis [rule: config..semgrep.vendored-rules.python.boto3.security.hardcoded-token file: python_service/rag_engine.py func: create_knowledge_base:-1]
[0m[02.44][[33mWARNING[0m]: Fixpoint timeout while performing taint analysis [rule: config..semgrep.vendored-rules.javascript.lang.security.audit.detect-non-literal-require file: server/routes.ts func: registerRoutes:8549]
[0m[02.94][[33mWARNING[0m]: Fixpoint timeout while performing taint analysis [rule: config..semgrep.vendored-rules.javascript.express.security.injection.raw-html-format file: server/routes.ts func: registerRoutes:8549]
[0m[03.02][[33mWARNING[0m]: Fixpoint timeout while performing taint analysis [rule: config..semgrep.vendored-rules.javascript.express.security.injection.raw-html-format file: server/routes.ts func: registerRoutes:8549]
[0m[03.23][[33mWARNING[0m]: Fixpoint timeout while performing taint analysis [rule: config..semgrep.vendored-rules.javascript.express.security.x-frame-options-misconfiguration file: server/routes.ts func: registerRoutes:8549]
[0m[03.32][[33mWARNING[0m]: Fixpoint timeout while performing taint analysis [rule: config..semgrep.vendored-rules.javascript.express.security.x-frame-options-misconfiguration file: server/routes.ts func: registerRoutes:8549]
[0m[03.43][[33mWARNING[0m]: Fixpoint timeout while performing taint analysis [rule: config..semgrep.vendored-rules.javascript.express.security.require-request file: server/routes.ts func: registerRoutes:8549]
[0m[03.50][[33mWARNING[0m]: Fixpoint timeout while performing taint analysis [rule: config..semgrep.vendored-rules.javascript.express.security.require-request file: server/routes.ts func: registerRoutes:8549]
[0m[03.87][[34mINFO[0m]: Custom ignore pattern: None
[03.87][[34mINFO[0m]: Custom ignore pattern: None
--- end semgrep-core stderr ---
2025-05-30 12:09:06,285 - semgrep.rule_match - DEBUG - match_key = ('', PosixPath('client/index.html'), 'config..semgrep.vendored-rules.html.security.audit.missing-integrity') match_id = 0ee74fd49637bebe183eca7188dbde26e386314e62cc2e7ba1ee60b377b638243fcd84e6c6fa04886198ccacfa6a711bfbcc61a28f9ddc913d5b3c53083cbc90_0
2025-05-30 12:09:06,286 - semgrep.rule_match - DEBUG - match_key = (' type="text/javascript" src="https://replit.com/public/js/replit-dev-banner.js" (?is).*integrity= (google-analytics\\.com|fonts\\.googleapis\\.com|fonts\\.gstatic\\.com|googletagmanager\\.com) .*rel\\s*=\\s*[\'"]?preconnect.* href="... :// ..." href="//..." href=\'... :// ...\' href=\'//...\' src="... :// ..." src="//..." src=\'... :// ...\' src=\'//...\' <link  type="text/javascript" src="https://replit.com/public/js/replit-dev-banner.js" > <script  type="text/javascript" src="https://replit.com/public/js/replit-dev-banner.js" >...</script>', PosixPath('client/index.html'), 'config..semgrep.vendored-rules.html.security.audit.missing-integrity') match_id = 0728b64e224596592d04447ba8a642ff94e1fb9fcc07be26d49dc7e7f6898e638ad16ffcaca086932c58f4c6400fe32603323afef02cf9bfebcb0e4a53562a40_0
2025-05-30 12:09:06,286 - semgrep.rule_match - DEBUG - match_key = (' type="text/javascript" src="https://replit.com/public/js/replit-dev-banner.js" (?is).*integrity= (google-analytics\\.com|fonts\\.googleapis\\.com|fonts\\.gstatic\\.com|googletagmanager\\.com) .*rel\\s*=\\s*[\'"]?preconnect.* href="... :// ..." href="//..." href=\'... :// ...\' href=\'//...\' src="... :// ..." src="//..." src=\'... :// ...\' src=\'//...\' <link  type="text/javascript" src="https://replit.com/public/js/replit-dev-banner.js" > <script  type="text/javascript" src="https://replit.com/public/js/replit-dev-banner.js" >...</script>', PosixPath('client/index.html'), 'config..semgrep.vendored-rules.html.security.audit.missing-integrity') match_id = 0728b64e224596592d04447ba8a642ff94e1fb9fcc07be26d49dc7e7f6898e638ad16ffcaca086932c58f4c6400fe32603323afef02cf9bfebcb0e4a53562a40_0
2025-05-30 12:09:06,287 - semgrep.rule_match - DEBUG - match_key = (' type="text/javascript" src="https://replit.com/public/js/replit-dev-banner.js" (?is).*integrity= (google-analytics\\.com|fonts\\.googleapis\\.com|fonts\\.gstatic\\.com|googletagmanager\\.com) .*rel\\s*=\\s*[\'"]?preconnect.* href="... :// ..." href="//..." href=\'... :// ...\' href=\'//...\' src="... :// ..." src="//..." src=\'... :// ...\' src=\'//...\' <link  type="text/javascript" src="https://replit.com/public/js/replit-dev-banner.js" > <script  type="text/javascript" src="https://replit.com/public/js/replit-dev-banner.js" >...</script>', PosixPath('client/index.html'), 'config..semgrep.vendored-rules.html.security.audit.missing-integrity') match_id = 0728b64e224596592d04447ba8a642ff94e1fb9fcc07be26d49dc7e7f6898e638ad16ffcaca086932c58f4c6400fe32603323afef02cf9bfebcb0e4a53562a40_0
2025-05-30 12:09:06,287 - semgrep.rule_match - DEBUG - match_key = ('', PosixPath('client/src/components/chat-interface.tsx'), 'config..semgrep.vendored-rules.javascript.lang.security.detect-insecure-websocket') match_id = c4f1d1ee3067e2ca5845dfc114be8c326a92d61f4446cf5dff25d71a42c542b2fb39e2d5f8775ba5b2640fe248a6c44ca1418940f0ac51b73d1086432cf462e8_0
2025-05-30 12:09:06,288 - semgrep.rule_match - DEBUG - match_key = ('\\bws:\\/\\/ \\bws:\\/\\/127.0.0.1.* \\bws:\\/\\/localhost.*', PosixPath('client/src/components/chat-interface.tsx'), 'config..semgrep.vendored-rules.javascript.lang.security.detect-insecure-websocket') match_id = e8b9660a9f423d30b072421e4872f206d90e28726f95a3216298713a1a2ff88823e1db9dd65d9ef8e2157f64bae016377c1fb4f67c2f0f88619915296ba139dc_0
2025-05-30 12:09:06,288 - semgrep.rule_match - DEBUG - match_key = ('\\bws:\\/\\/ \\bws:\\/\\/127.0.0.1.* \\bws:\\/\\/localhost.*', PosixPath('client/src/components/chat-interface.tsx'), 'config..semgrep.vendored-rules.javascript.lang.security.detect-insecure-websocket') match_id = e8b9660a9f423d30b072421e4872f206d90e28726f95a3216298713a1a2ff88823e1db9dd65d9ef8e2157f64bae016377c1fb4f67c2f0f88619915296ba139dc_0
2025-05-30 12:09:06,289 - semgrep.rule_match - DEBUG - match_key = ('\\bws:\\/\\/ \\bws:\\/\\/127.0.0.1.* \\bws:\\/\\/localhost.*', PosixPath('client/src/components/chat-interface.tsx'), 'config..semgrep.vendored-rules.javascript.lang.security.detect-insecure-websocket') match_id = e8b9660a9f423d30b072421e4872f206d90e28726f95a3216298713a1a2ff88823e1db9dd65d9ef8e2157f64bae016377c1fb4f67c2f0f88619915296ba139dc_0
2025-05-30 12:09:06,356 - semgrep.core_runner - DEBUG - semgrep ran in 0:00:04.150551 on 120 files
2025-05-30 12:09:06,358 - semgrep.core_runner - DEBUG - findings summary: 1 warning, 1 error, 0 info
2025-05-30 12:09:06,360 - semgrep.app.auth - DEBUG - Getting API token from settings file
2025-05-30 12:09:06,360 - semgrep.app.auth - DEBUG - No API token found in settings file
2025-05-30 12:09:06,360 - semgrep.semgrep_core - DEBUG - Failed to open resource semgrep-core-proprietary: [Errno 2] No such file or directory: '/tmp/_MEIst8AB6/semgrep/bin/semgrep-core-proprietary'.
2025-05-30 12:09:06,470 - semgrep.output - VERBOSE - 
========================================
Files skipped:
========================================

  Always skipped by Opengrep:

   • <none>

  Skipped by .gitignore:
  (Disable by passing --no-git-ignore)

   • <all files not listed by `git ls-files` were skipped>

  Skipped by .semgrepignore:
  - https://semgrep.dev/docs/ignoring-files-folders-code/#understand-semgrep-defaults

   • <none>

  Skipped by --include patterns:

   • <none>

  Skipped by --exclude patterns:

   • <none>

  Files skipped due to insufficient read permissions:

   • <none>

  Skipped by limiting to files smaller than 1000000 bytes:
  (Adjust with the --max-target-bytes flag)

   • generated-icon.png

  Partially analyzed due to parsing or internal Opengrep errors

   • tailwind.config.ts (1 lines skipped)

2025-05-30 12:09:06,471 - semgrep.output - INFO - Some files were skipped or only partially analyzed.
  Scan was limited to files tracked by git.
  Partially scanned: 1 files only partially analyzed due to parsing or internal Opengrep errors
  Scan skipped: 1 files larger than 1.0 MB
  For a full list of skipped files, run opengrep with the --verbose flag.

Ran 692 rules on 120 files: 2 findings.
2025-05-30 12:09:06,471 - semgrep.app.version - DEBUG - Version cache does not exist
2025-05-30 12:09:06,485 - semgrep.metrics - VERBOSE - Not sending pseudonymous metrics since metrics are configured to OFF and registry usage is False
